<?xml version="1.0" encoding="UTF-8"?>
<!-- Generated by org.testng.reporters.JUnitReportReporter -->
<testsuite hostname="SasiMani" failures="0" tests="2" name="TestNG.DemoTest" time="0.013" errors="0" timestamp="2023-11-01T09:57:01 IST" skipped="0">
  <testcase classname="TestNG.DemoTest" name="f" time="0.011"/>
  <testcase classname="TestNG.DemoTest" name="f1" time="0.002"/>
</testsuite> <!-- TestNG.DemoTest -->
