<?xml version="1.0" encoding="UTF-8"?>
<!-- Generated by org.testng.reporters.JUnitReportReporter -->
<testsuite hostname="SasiMani" failures="0" tests="2" name="TestNG.TestDemo" time="1.870" errors="0" timestamp="2023-11-01T10:16:22 IST" skipped="0">
  <testcase classname="TestNG.TestDemo" name="demosite" time="1.856"/>
  <testcase classname="TestNG.TestDemo" name="HelloWorld" time="0.014"/>
</testsuite> <!-- TestNG.TestDemo -->
