<?xml version="1.0" encoding="UTF-8"?>
<!-- Generated by org.testng.reporters.JUnitReportReporter -->
<testsuite hostname="SasiMani" failures="0" tests="3" name="TestNG.AllWebsites" time="22.051" errors="0" timestamp="2023-11-01T09:53:29 IST" skipped="0">
  <testcase classname="TestNG.AllWebsites" name="Target" time="8.240"/>
  <testcase classname="TestNG.AllWebsites" name="Amazon" time="6.681"/>
  <testcase classname="TestNG.AllWebsites" name="Saucedemo" time="7.130"/>
</testsuite> <!-- TestNG.AllWebsites -->
