<?xml version="1.0" encoding="UTF-8"?>
<!-- Generated by org.testng.reporters.JUnitReportReporter -->
<testsuite hostname="SasiMani" failures="0" tests="2" name="NewTest" time="0.011" errors="0" timestamp="2023-10-15T21:00:55 IST" skipped="0">
  <testcase classname="NewTest" name="test1" time="0.009"/>
  <testcase classname="NewTest" name="test2" time="0.002"/>
</testsuite> <!-- NewTest -->
