<?xml version="1.0" encoding="UTF-8"?>
<!-- Generated by org.testng.reporters.JUnitReportReporter -->
<testsuite hostname="SasiMani" failures="0" tests="6" name="TestNG.Depends" time="0.036" errors="0" timestamp="2023-10-27T10:00:40 IST" skipped="0">
  <testcase classname="TestNG.Depends" name="credentials" time="0.001"/>
  <testcase classname="TestNG.Depends" name="credentials" time="0.001"/>
  <testcase classname="TestNG.Depends" name="Duplex" time="0.023"/>
  <testcase classname="TestNG.Depends" name="Maruti" time="0.002"/>
  <testcase classname="TestNG.Depends" name="credentials" time="0.005"/>
  <testcase classname="TestNG.Depends" name="BMW" time="0.004"/>
</testsuite> <!-- TestNG.Depends -->
